This file contains any messages produced by compilers while
running configure, to aid debugging if configure makes a mistake.

It was created by nlopt configure 2.4.1, which was
generated by GNU Autoconf 2.69.  Invocation command line was

  $ ./configure --prefix=/u/home/eeskin/pasaniucdata/Gleb/PAINTOR

## --------- ##
## Platform. ##
## --------- ##

hostname = n178
uname -m = x86_64
uname -r = 2.6.32-431.17.1.el6.x86_64
uname -s = Linux
uname -v = #1 SMP Wed May 7 23:32:49 UTC 2014

/usr/bin/uname -p = unknown
/bin/uname -X     = unknown

/bin/arch              = x86_64
/usr/bin/arch -k       = unknown
/usr/convex/getsysinfo = unknown
/usr/bin/hostinfo      = unknown
/bin/machine           = unknown
/usr/bin/oslevel       = unknown
/bin/universe          = unknown

PATH: /u/local/apps/R/3.0.1/gcc-4.4.7/bin
PATH: /u/local/apps/proj.4/4.8.0/gcc-4.4.7/bin
PATH: /u/local/apps/gdal/1.9.2/gcc-4.4.6/bin
PATH: /u/local/gcc/4.4.4/openmpi/1.6.0/bin
PATH: /u/local/compilers/intel-cs/2013.0.028/bin
PATH: /u/local/compilers/intel-cs/2013.0.028/advisor_xe/bin64
PATH: /u/local/compilers/intel-cs/2013.0.028/vtune_amplifier_xe/bin64
PATH: /u/local/compilers/intel-cs/2013.0.028/inspector_xe/bin64
PATH: /u/local/compilers/intel-cs/2013.0.028/mpi/intel64/bin
PATH: /u/local/compilers/intel-cs/2013.0.028/itac/intel64/bin
PATH: /u/local/compilers/intel-cs/2013.0.028/composer_xe/bin/intel64
PATH: /u/local/compilers/intel-cs/2013.0.028/composer_xe/mpirt/bin/intel64
PATH: /u/local/compilers/intel-cs/2013.0.028/composer_xe/bin/intel64_mic
PATH: /u/local/compilers/intel-cs/2013.0.028/composer_xe/debugger/gui/intel64
PATH: /u/systems/UGE8.0.1/bin/lx-amd64
PATH: /u/local/bin
PATH: /u/local/sbin
PATH: /usr/lib64/qt-3.3/bin
PATH: /usr/local/bin
PATH: /bin
PATH: /usr/bin
PATH: /usr/local/sbin
PATH: /usr/sbin
PATH: /sbin
PATH: /u/home/g/gkichaev/bin


## ----------- ##
## Core tests. ##
## ----------- ##

configure:2707: checking for a BSD-compatible install
configure:2775: result: /usr/bin/install -c
configure:2786: checking whether build environment is sane
configure:2841: result: yes
configure:2992: checking for a thread-safe mkdir -p
configure:3031: result: /bin/mkdir -p
configure:3038: checking for gawk
configure:3054: found /bin/gawk
configure:3065: result: gawk
configure:3076: checking whether make sets $(MAKE)
configure:3098: result: yes
configure:3127: checking whether make supports nested variables
configure:3144: result: yes
configure:3273: checking whether to enable maintainer-specific portions of Makefiles
configure:3282: result: no
configure:3375: checking for gcc
configure:3391: found /usr/bin/gcc
configure:3402: result: gcc
configure:3631: checking for C compiler version
configure:3640: gcc --version >&5
gcc (GCC) 4.4.7 20120313 (Red Hat 4.4.7-4)
Copyright (C) 2010 Free Software Foundation, Inc.
This is free software; see the source for copying conditions.  There is NO
warranty; not even for MERCHANTABILITY or FITNESS FOR A PARTICULAR PURPOSE.

configure:3651: $? = 0
configure:3640: gcc -v >&5
Using built-in specs.
Target: x86_64-redhat-linux
Configured with: ../configure --prefix=/usr --mandir=/usr/share/man --infodir=/usr/share/info --with-bugurl=http://bugzilla.redhat.com/bugzilla --enable-bootstrap --enable-shared --enable-threads=posix --enable-checking=release --with-system-zlib --enable-__cxa_atexit --disable-libunwind-exceptions --enable-gnu-unique-object --enable-languages=c,c++,objc,obj-c++,java,fortran,ada --enable-java-awt=gtk --disable-dssi --with-java-home=/usr/lib/jvm/java-1.5.0-gcj-1.5.0.0/jre --enable-libgcj-multifile --enable-java-maintainer-mode --with-ecj-jar=/usr/share/java/eclipse-ecj.jar --disable-libjava-multilib --with-ppl --with-cloog --with-tune=generic --with-arch_32=i686 --build=x86_64-redhat-linux
Thread model: posix
gcc version 4.4.7 20120313 (Red Hat 4.4.7-4) (GCC) 
configure:3651: $? = 0
configure:3640: gcc -V >&5
gcc: '-V' option must have argument
configure:3651: $? = 1
configure:3640: gcc -qversion >&5
gcc: unrecognized option '-qversion'
gcc: no input files
configure:3651: $? = 1
configure:3671: checking whether the C compiler works
configure:3693: gcc    conftest.c  >&5
configure:3697: $? = 0
configure:3745: result: yes
configure:3748: checking for C compiler default output file name
configure:3750: result: a.out
configure:3756: checking for suffix of executables
configure:3763: gcc -o conftest    conftest.c  >&5
configure:3767: $? = 0
configure:3789: result: 
configure:3811: checking whether we are cross compiling
configure:3819: gcc -o conftest    conftest.c  >&5
configure:3823: $? = 0
configure:3830: ./conftest
configure:3834: $? = 0
configure:3849: result: no
configure:3854: checking for suffix of object files
configure:3876: gcc -c   conftest.c >&5
configure:3880: $? = 0
configure:3901: result: o
configure:3905: checking whether we are using the GNU C compiler
configure:3924: gcc -c   conftest.c >&5
configure:3924: $? = 0
configure:3933: result: yes
configure:3942: checking whether gcc accepts -g
configure:3962: gcc -c -g  conftest.c >&5
configure:3962: $? = 0
configure:4003: result: yes
configure:4020: checking for gcc option to accept ISO C89
configure:4083: gcc  -c -g -O2  conftest.c >&5
configure:4083: $? = 0
configure:4096: result: none needed
configure:4121: checking whether gcc understands -c and -o together
configure:4143: gcc -c conftest.c -o conftest2.o
configure:4146: $? = 0
configure:4143: gcc -c conftest.c -o conftest2.o
configure:4146: $? = 0
configure:4158: result: yes
configure:4186: checking for style of include used by make
configure:4214: result: GNU
configure:4240: checking dependency style of gcc
configure:4351: result: gcc3
configure:4370: checking for gcc option to accept ISO C99
configure:4519: gcc  -c -g -O2  conftest.c >&5
conftest.c:61: error: expected ';', ',' or ')' before 'text'
conftest.c: In function 'main':
conftest.c:115: error: expected '=', ',', ';', 'asm' or '__attribute__' before 'newvar'
conftest.c:115: error: 'newvar' undeclared (first use in this function)
conftest.c:115: error: (Each undeclared identifier is reported only once
conftest.c:115: error: for each function it appears in.)
conftest.c:125: error: 'for' loop initial declarations are only allowed in C99 mode
conftest.c:125: note: use option -std=c99 or -std=gnu99 to compile your code
configure:4519: $? = 1
configure: failed program was:
| /* confdefs.h */
| #define PACKAGE_NAME "nlopt"
| #define PACKAGE_TARNAME "nlopt"
| #define PACKAGE_VERSION "2.4.1"
| #define PACKAGE_STRING "nlopt 2.4.1"
| #define PACKAGE_BUGREPORT "stevenj@alum.mit.edu"
| #define PACKAGE_URL ""
| #define PACKAGE "nlopt"
| #define VERSION "2.4.1"
| /* end confdefs.h.  */
| #include <stdarg.h>
| #include <stdbool.h>
| #include <stdlib.h>
| #include <wchar.h>
| #include <stdio.h>
| 
| // Check varargs macros.  These examples are taken from C99 6.10.3.5.
| #define debug(...) fprintf (stderr, __VA_ARGS__)
| #define showlist(...) puts (#__VA_ARGS__)
| #define report(test,...) ((test) ? puts (#test) : printf (__VA_ARGS__))
| static void
| test_varargs_macros (void)
| {
|   int x = 1234;
|   int y = 5678;
|   debug ("Flag");
|   debug ("X = %d\n", x);
|   showlist (The first, second, and third items.);
|   report (x>y, "x is %d but y is %d", x, y);
| }
| 
| // Check long long types.
| #define BIG64 18446744073709551615ull
| #define BIG32 4294967295ul
| #define BIG_OK (BIG64 / BIG32 == 4294967297ull && BIG64 % BIG32 == 0)
| #if !BIG_OK
|   your preprocessor is broken;
| #endif
| #if BIG_OK
| #else
|   your preprocessor is broken;
| #endif
| static long long int bignum = -9223372036854775807LL;
| static unsigned long long int ubignum = BIG64;
| 
| struct incomplete_array
| {
|   int datasize;
|   double data[];
| };
| 
| struct named_init {
|   int number;
|   const wchar_t *name;
|   double average;
| };
| 
| typedef const char *ccp;
| 
| static inline int
| test_restrict (ccp restrict text)
| {
|   // See if C++-style comments work.
|   // Iterate through items via the restricted pointer.
|   // Also check for declarations in for loops.
|   for (unsigned int i = 0; *(text+i) != '\0'; ++i)
|     continue;
|   return 0;
| }
| 
| // Check varargs and va_copy.
| static void
| test_varargs (const char *format, ...)
| {
|   va_list args;
|   va_start (args, format);
|   va_list args_copy;
|   va_copy (args_copy, args);
| 
|   const char *str;
|   int number;
|   float fnumber;
| 
|   while (*format)
|     {
|       switch (*format++)
| 	{
| 	case 's': // string
| 	  str = va_arg (args_copy, const char *);
| 	  break;
| 	case 'd': // int
| 	  number = va_arg (args_copy, int);
| 	  break;
| 	case 'f': // float
| 	  fnumber = va_arg (args_copy, double);
| 	  break;
| 	default:
| 	  break;
| 	}
|     }
|   va_end (args_copy);
|   va_end (args);
| }
| 
| int
| main ()
| {
| 
|   // Check bool.
|   _Bool success = false;
| 
|   // Check restrict.
|   if (test_restrict ("String literal") == 0)
|     success = true;
|   char *restrict newvar = "Another string";
| 
|   // Check varargs.
|   test_varargs ("s, d' f .", "string", 65, 34.234);
|   test_varargs_macros ();
| 
|   // Check flexible array members.
|   struct incomplete_array *ia =
|     malloc (sizeof (struct incomplete_array) + (sizeof (double) * 10));
|   ia->datasize = 10;
|   for (int i = 0; i < ia->datasize; ++i)
|     ia->data[i] = i * 1.234;
| 
|   // Check named initializers.
|   struct named_init ni = {
|     .number = 34,
|     .name = L"Test wide string",
|     .average = 543.34343,
|   };
| 
|   ni.number = 58;
| 
|   int dynamic_array[ni.number];
|   dynamic_array[ni.number - 1] = 543;
| 
|   // work around unused variable warnings
|   return (!success || bignum == 0LL || ubignum == 0uLL || newvar[0] == 'x'
| 	  || dynamic_array[ni.number - 1] != 543);
| 
|   ;
|   return 0;
| }
configure:4519: gcc -std=gnu99 -c -g -O2  conftest.c >&5
configure:4519: $? = 0
configure:4539: result: -std=gnu99
configure:4640: checking for gcc -std=gnu99 option to accept ISO Standard C
configure:4654: result: -std=gnu99
configure:4659: checking whether ln -s works
configure:4663: result: yes
configure:4670: checking whether make sets $(MAKE)
configure:4692: result: yes
configure:4705: checking build system type
configure:4719: result: x86_64-unknown-linux-gnu
configure:4739: checking host system type
configure:4752: result: x86_64-unknown-linux-gnu
configure:5121: checking how to print strings
configure:5148: result: printf
configure:5169: checking for a sed that does not truncate output
configure:5233: result: /bin/sed
configure:5251: checking for grep that handles long lines and -e
configure:5309: result: /bin/grep
configure:5314: checking for egrep
configure:5376: result: /bin/grep -E
configure:5381: checking for fgrep
configure:5443: result: /bin/grep -F
configure:5478: checking for ld used by gcc -std=gnu99
configure:5545: result: /usr/bin/ld
configure:5552: checking if the linker (/usr/bin/ld) is GNU ld
configure:5567: result: yes
configure:5579: checking for BSD- or MS-compatible name lister (nm)
configure:5628: result: /usr/bin/nm -B
configure:5758: checking the name lister (/usr/bin/nm -B) interface
configure:5765: gcc -std=gnu99 -c -g -O2  conftest.c >&5
configure:5768: /usr/bin/nm -B "conftest.o"
configure:5771: output
0000000000000000 B some_variable
configure:5778: result: BSD nm
configure:5782: checking the maximum length of command line arguments
configure:5912: result: 3458764513820540925
configure:5929: checking whether the shell understands some XSI constructs
configure:5939: result: yes
configure:5943: checking whether the shell understands "+="
configure:5949: result: yes
configure:5984: checking how to convert x86_64-unknown-linux-gnu file names to x86_64-unknown-linux-gnu format
configure:6024: result: func_convert_file_noop
configure:6031: checking how to convert x86_64-unknown-linux-gnu file names to toolchain format
configure:6051: result: func_convert_file_noop
configure:6058: checking for /usr/bin/ld option to reload object files
configure:6065: result: -r
configure:6139: checking for objdump
configure:6166: result: objdump
configure:6195: checking how to recognize dependent libraries
configure:6397: result: pass_all
configure:6482: checking for dlltool
configure:6509: result: dlltool
configure:6539: checking how to associate runtime and link libraries
configure:6566: result: printf %s\n
configure:6627: checking for ar
configure:6643: found /usr/bin/ar
configure:6654: result: ar
configure:6691: checking for archiver @FILE support
configure:6708: gcc -std=gnu99 -c -g -O2  conftest.c >&5
configure:6708: $? = 0
configure:6711: ar cru libconftest.a @conftest.lst >&5
configure:6714: $? = 0
configure:6719: ar cru libconftest.a @conftest.lst >&5
ar: conftest.o: No such file or directory
configure:6722: $? = 1
configure:6734: result: @
configure:6792: checking for strip
configure:6808: found /usr/bin/strip
configure:6819: result: strip
configure:6891: checking for ranlib
configure:6907: found /usr/bin/ranlib
configure:6918: result: ranlib
configure:7020: checking command to parse /usr/bin/nm -B output from gcc -std=gnu99 object
configure:7140: gcc -std=gnu99 -c -g -O2  conftest.c >&5
configure:7143: $? = 0
configure:7147: /usr/bin/nm -B conftest.o \| sed -n -e 's/^.*[ ]\([ABCDGIRSTW][ABCDGIRSTW]*\)[ ][ ]*\([_A-Za-z][_A-Za-z0-9]*\)$/\1 \2 \2/p' | sed '/ __gnu_lto/d' \> conftest.nm
configure:7150: $? = 0
configure:7216: gcc -std=gnu99 -o conftest -g -O2   conftest.c conftstm.o >&5
configure:7219: $? = 0
configure:7257: result: ok
configure:7294: checking for sysroot
configure:7324: result: no
configure:7401: gcc -std=gnu99 -c -g -O2  conftest.c >&5
configure:7404: $? = 0
configure:7580: checking for mt
configure:7610: result: no
configure:7630: checking if : is a manifest tool
configure:7636: : '-?'
configure:7644: result: no
configure:8286: checking how to run the C preprocessor
configure:8317: gcc -std=gnu99 -E  conftest.c
configure:8317: $? = 0
configure:8331: gcc -std=gnu99 -E  conftest.c
conftest.c:11:28: error: ac_nonexistent.h: No such file or directory
configure:8331: $? = 1
configure: failed program was:
| /* confdefs.h */
| #define PACKAGE_NAME "nlopt"
| #define PACKAGE_TARNAME "nlopt"
| #define PACKAGE_VERSION "2.4.1"
| #define PACKAGE_STRING "nlopt 2.4.1"
| #define PACKAGE_BUGREPORT "stevenj@alum.mit.edu"
| #define PACKAGE_URL ""
| #define PACKAGE "nlopt"
| #define VERSION "2.4.1"
| /* end confdefs.h.  */
| #include <ac_nonexistent.h>
configure:8356: result: gcc -std=gnu99 -E
configure:8376: gcc -std=gnu99 -E  conftest.c
configure:8376: $? = 0
configure:8390: gcc -std=gnu99 -E  conftest.c
conftest.c:11:28: error: ac_nonexistent.h: No such file or directory
configure:8390: $? = 1
configure: failed program was:
| /* confdefs.h */
| #define PACKAGE_NAME "nlopt"
| #define PACKAGE_TARNAME "nlopt"
| #define PACKAGE_VERSION "2.4.1"
| #define PACKAGE_STRING "nlopt 2.4.1"
| #define PACKAGE_BUGREPORT "stevenj@alum.mit.edu"
| #define PACKAGE_URL ""
| #define PACKAGE "nlopt"
| #define VERSION "2.4.1"
| /* end confdefs.h.  */
| #include <ac_nonexistent.h>
configure:8419: checking for ANSI C header files
configure:8439: gcc -std=gnu99 -c -g -O2  conftest.c >&5
configure:8439: $? = 0
configure:8512: gcc -std=gnu99 -o conftest -g -O2   conftest.c  >&5
configure:8512: $? = 0
configure:8512: ./conftest
configure:8512: $? = 0
configure:8523: result: yes
configure:8536: checking for sys/types.h
configure:8536: gcc -std=gnu99 -c -g -O2  conftest.c >&5
configure:8536: $? = 0
configure:8536: result: yes
configure:8536: checking for sys/stat.h
configure:8536: gcc -std=gnu99 -c -g -O2  conftest.c >&5
configure:8536: $? = 0
configure:8536: result: yes
configure:8536: checking for stdlib.h
configure:8536: gcc -std=gnu99 -c -g -O2  conftest.c >&5
configure:8536: $? = 0
configure:8536: result: yes
configure:8536: checking for string.h
configure:8536: gcc -std=gnu99 -c -g -O2  conftest.c >&5
configure:8536: $? = 0
configure:8536: result: yes
configure:8536: checking for memory.h
configure:8536: gcc -std=gnu99 -c -g -O2  conftest.c >&5
configure:8536: $? = 0
configure:8536: result: yes
configure:8536: checking for strings.h
configure:8536: gcc -std=gnu99 -c -g -O2  conftest.c >&5
configure:8536: $? = 0
configure:8536: result: yes
configure:8536: checking for inttypes.h
configure:8536: gcc -std=gnu99 -c -g -O2  conftest.c >&5
configure:8536: $? = 0
configure:8536: result: yes
configure:8536: checking for stdint.h
configure:8536: gcc -std=gnu99 -c -g -O2  conftest.c >&5
configure:8536: $? = 0
configure:8536: result: yes
configure:8536: checking for unistd.h
configure:8536: gcc -std=gnu99 -c -g -O2  conftest.c >&5
configure:8536: $? = 0
configure:8536: result: yes
configure:8550: checking for dlfcn.h
configure:8550: gcc -std=gnu99 -c -g -O2  conftest.c >&5
configure:8550: $? = 0
configure:8550: result: yes
configure:8724: checking for objdir
configure:8739: result: .libs
configure:9010: checking if gcc -std=gnu99 supports -fno-rtti -fno-exceptions
configure:9028: gcc -std=gnu99 -c -g -O2  -fno-rtti -fno-exceptions conftest.c >&5
cc1: warning: command line option "-fno-rtti" is valid for C++/ObjC++ but not for C
configure:9032: $? = 0
configure:9045: result: no
configure:9372: checking for gcc -std=gnu99 option to produce PIC
configure:9379: result: -fPIC -DPIC
configure:9387: checking if gcc -std=gnu99 PIC flag -fPIC -DPIC works
configure:9405: gcc -std=gnu99 -c -g -O2  -fPIC -DPIC -DPIC conftest.c >&5
configure:9409: $? = 0
configure:9422: result: yes
configure:9451: checking if gcc -std=gnu99 static flag -static works
configure:9479: result: yes
configure:9494: checking if gcc -std=gnu99 supports -c -o file.o
configure:9515: gcc -std=gnu99 -c -g -O2  -o out/conftest2.o conftest.c >&5
configure:9519: $? = 0
configure:9541: result: yes
configure:9549: checking if gcc -std=gnu99 supports -c -o file.o
configure:9596: result: yes
configure:9629: checking whether the gcc -std=gnu99 linker (/usr/bin/ld -m elf_x86_64) supports shared libraries
configure:10782: result: yes
configure:11022: checking dynamic linker characteristics
configure:11533: gcc -std=gnu99 -o conftest -g -O2   -Wl,-rpath -Wl,/foo conftest.c  >&5
configure:11533: $? = 0
configure:11755: result: GNU/Linux ld.so
configure:11862: checking how to hardcode library paths into programs
configure:11887: result: immediate
configure:12427: checking whether stripping libraries is possible
configure:12432: result: yes
configure:12467: checking if libtool supports shared libraries
configure:12469: result: yes
configure:12472: checking whether to build shared libraries
configure:12493: result: no
configure:12496: checking whether to build static libraries
configure:12500: result: yes
configure:12613: checking for g++
configure:12629: found /usr/bin/g++
configure:12640: result: g++
configure:12667: checking for C++ compiler version
configure:12676: g++ --version >&5
g++ (GCC) 4.4.7 20120313 (Red Hat 4.4.7-4)
Copyright (C) 2010 Free Software Foundation, Inc.
This is free software; see the source for copying conditions.  There is NO
warranty; not even for MERCHANTABILITY or FITNESS FOR A PARTICULAR PURPOSE.

configure:12687: $? = 0
configure:12676: g++ -v >&5
Using built-in specs.
Target: x86_64-redhat-linux
Configured with: ../configure --prefix=/usr --mandir=/usr/share/man --infodir=/usr/share/info --with-bugurl=http://bugzilla.redhat.com/bugzilla --enable-bootstrap --enable-shared --enable-threads=posix --enable-checking=release --with-system-zlib --enable-__cxa_atexit --disable-libunwind-exceptions --enable-gnu-unique-object --enable-languages=c,c++,objc,obj-c++,java,fortran,ada --enable-java-awt=gtk --disable-dssi --with-java-home=/usr/lib/jvm/java-1.5.0-gcj-1.5.0.0/jre --enable-libgcj-multifile --enable-java-maintainer-mode --with-ecj-jar=/usr/share/java/eclipse-ecj.jar --disable-libjava-multilib --with-ppl --with-cloog --with-tune=generic --with-arch_32=i686 --build=x86_64-redhat-linux
Thread model: posix
gcc version 4.4.7 20120313 (Red Hat 4.4.7-4) (GCC) 
configure:12687: $? = 0
configure:12676: g++ -V >&5
g++: '-V' option must have argument
configure:12687: $? = 1
configure:12676: g++ -qversion >&5
g++: unrecognized option '-qversion'
g++: no input files
configure:12687: $? = 1
configure:12691: checking whether we are using the GNU C++ compiler
configure:12710: g++ -c   conftest.cpp >&5
configure:12710: $? = 0
configure:12719: result: yes
configure:12728: checking whether g++ accepts -g
configure:12748: g++ -c -g  conftest.cpp >&5
configure:12748: $? = 0
configure:12789: result: yes
configure:12814: checking dependency style of g++
configure:12925: result: gcc3
configure:12958: checking how to run the C++ preprocessor
configure:12985: g++ -E  conftest.cpp
configure:12985: $? = 0
configure:12999: g++ -E  conftest.cpp
conftest.cpp:23:28: error: ac_nonexistent.h: No such file or directory
configure:12999: $? = 1
configure: failed program was:
| /* confdefs.h */
| #define PACKAGE_NAME "nlopt"
| #define PACKAGE_TARNAME "nlopt"
| #define PACKAGE_VERSION "2.4.1"
| #define PACKAGE_STRING "nlopt 2.4.1"
| #define PACKAGE_BUGREPORT "stevenj@alum.mit.edu"
| #define PACKAGE_URL ""
| #define PACKAGE "nlopt"
| #define VERSION "2.4.1"
| #define STDC_HEADERS 1
| #define HAVE_SYS_TYPES_H 1
| #define HAVE_SYS_STAT_H 1
| #define HAVE_STDLIB_H 1
| #define HAVE_STRING_H 1
| #define HAVE_MEMORY_H 1
| #define HAVE_STRINGS_H 1
| #define HAVE_INTTYPES_H 1
| #define HAVE_STDINT_H 1
| #define HAVE_UNISTD_H 1
| #define HAVE_DLFCN_H 1
| #define LT_OBJDIR ".libs/"
| /* end confdefs.h.  */
| #include <ac_nonexistent.h>
configure:13024: result: g++ -E
configure:13044: g++ -E  conftest.cpp
configure:13044: $? = 0
configure:13058: g++ -E  conftest.cpp
conftest.cpp:23:28: error: ac_nonexistent.h: No such file or directory
configure:13058: $? = 1
configure: failed program was:
| /* confdefs.h */
| #define PACKAGE_NAME "nlopt"
| #define PACKAGE_TARNAME "nlopt"
| #define PACKAGE_VERSION "2.4.1"
| #define PACKAGE_STRING "nlopt 2.4.1"
| #define PACKAGE_BUGREPORT "stevenj@alum.mit.edu"
| #define PACKAGE_URL ""
| #define PACKAGE "nlopt"
| #define VERSION "2.4.1"
| #define STDC_HEADERS 1
| #define HAVE_SYS_TYPES_H 1
| #define HAVE_SYS_STAT_H 1
| #define HAVE_STDLIB_H 1
| #define HAVE_STRING_H 1
| #define HAVE_MEMORY_H 1
| #define HAVE_STRINGS_H 1
| #define HAVE_INTTYPES_H 1
| #define HAVE_STDINT_H 1
| #define HAVE_UNISTD_H 1
| #define HAVE_DLFCN_H 1
| #define LT_OBJDIR ".libs/"
| /* end confdefs.h.  */
| #include <ac_nonexistent.h>
configure:13227: checking for ld used by g++
configure:13294: result: /usr/bin/ld -m elf_x86_64
configure:13301: checking if the linker (/usr/bin/ld -m elf_x86_64) is GNU ld
configure:13316: result: yes
configure:13371: checking whether the g++ linker (/usr/bin/ld -m elf_x86_64) supports shared libraries
configure:14376: result: yes
configure:14412: g++ -c -g -O2  conftest.cpp >&5
configure:14415: $? = 0
configure:14935: checking for g++ option to produce PIC
configure:14942: result: -fPIC -DPIC
configure:14950: checking if g++ PIC flag -fPIC -DPIC works
configure:14968: g++ -c -g -O2  -fPIC -DPIC -DPIC conftest.cpp >&5
configure:14972: $? = 0
configure:14985: result: yes
configure:15008: checking if g++ static flag -static works
configure:15036: result: yes
configure:15048: checking if g++ supports -c -o file.o
configure:15069: g++ -c -g -O2  -o out/conftest2.o conftest.cpp >&5
configure:15073: $? = 0
configure:15095: result: yes
configure:15100: checking if g++ supports -c -o file.o
configure:15147: result: yes
configure:15177: checking whether the g++ linker (/usr/bin/ld -m elf_x86_64) supports shared libraries
configure:15213: result: yes
configure:15354: checking dynamic linker characteristics
configure:16021: result: GNU/Linux ld.so
configure:16074: checking how to hardcode library paths into programs
configure:16099: result: immediate
configure:16162: checking for ANSI C header files
configure:16266: result: yes
configure:16274: checking whether time.h and sys/time.h may both be included
configure:16294: gcc -std=gnu99 -c -g -O2  conftest.c >&5
configure:16294: $? = 0
configure:16301: result: yes
configure:16312: checking for unistd.h
configure:16312: result: yes
configure:16312: checking getopt.h usability
configure:16312: gcc -std=gnu99 -c -g -O2  conftest.c >&5
configure:16312: $? = 0
configure:16312: result: yes
configure:16312: checking getopt.h presence
configure:16312: gcc -std=gnu99 -E  conftest.c
configure:16312: $? = 0
configure:16312: result: yes
configure:16312: checking for getopt.h
configure:16312: result: yes
configure:16312: checking for stdint.h
configure:16312: result: yes
configure:16322: checking for an ANSI C-conforming const
configure:16388: gcc -std=gnu99 -c -g -O2  conftest.c >&5
configure:16388: $? = 0
configure:16395: result: yes
configure:16403: checking for inline
configure:16419: gcc -std=gnu99 -c -g -O2  conftest.c >&5
configure:16419: $? = 0
configure:16427: result: inline
configure:16453: checking for C thread-local keyword
configure:16481: gcc -std=gnu99 -c -g -O2  conftest.c >&5
configure:16481: $? = 0
configure:16495: result: __thread
configure:16516: checking size of unsigned int
configure:16521: gcc -std=gnu99 -o conftest -g -O2   conftest.c  >&5
configure:16521: $? = 0
configure:16521: ./conftest
configure:16521: $? = 0
configure:16535: result: 4
configure:16549: checking size of unsigned long
configure:16554: gcc -std=gnu99 -o conftest -g -O2   conftest.c  >&5
configure:16554: $? = 0
configure:16554: ./conftest
configure:16554: $? = 0
configure:16568: result: 8
configure:16578: checking for uint32_t
configure:16578: gcc -std=gnu99 -c -g -O2  conftest.c >&5
configure:16578: $? = 0
configure:16578: gcc -std=gnu99 -c -g -O2  conftest.c >&5
conftest.c: In function 'main':
conftest.c:71: error: expected expression before ')' token
configure:16578: $? = 1
configure: failed program was:
| /* confdefs.h */
| #define PACKAGE_NAME "nlopt"
| #define PACKAGE_TARNAME "nlopt"
| #define PACKAGE_VERSION "2.4.1"
| #define PACKAGE_STRING "nlopt 2.4.1"
| #define PACKAGE_BUGREPORT "stevenj@alum.mit.edu"
| #define PACKAGE_URL ""
| #define PACKAGE "nlopt"
| #define VERSION "2.4.1"
| #define STDC_HEADERS 1
| #define HAVE_SYS_TYPES_H 1
| #define HAVE_SYS_STAT_H 1
| #define HAVE_STDLIB_H 1
| #define HAVE_STRING_H 1
| #define HAVE_MEMORY_H 1
| #define HAVE_STRINGS_H 1
| #define HAVE_INTTYPES_H 1
| #define HAVE_STDINT_H 1
| #define HAVE_UNISTD_H 1
| #define HAVE_DLFCN_H 1
| #define LT_OBJDIR ".libs/"
| #define STDC_HEADERS 1
| #define TIME_WITH_SYS_TIME 1
| #define HAVE_UNISTD_H 1
| #define HAVE_GETOPT_H 1
| #define HAVE_STDINT_H 1
| #define THREADLOCAL __thread
| #define SIZEOF_UNSIGNED_INT 4
| #define SIZEOF_UNSIGNED_LONG 8
| /* end confdefs.h.  */
| #include <stdio.h>
| #ifdef HAVE_SYS_TYPES_H
| # include <sys/types.h>
| #endif
| #ifdef HAVE_SYS_STAT_H
| # include <sys/stat.h>
| #endif
| #ifdef STDC_HEADERS
| # include <stdlib.h>
| # include <stddef.h>
| #else
| # ifdef HAVE_STDLIB_H
| #  include <stdlib.h>
| # endif
| #endif
| #ifdef HAVE_STRING_H
| # if !defined STDC_HEADERS && defined HAVE_MEMORY_H
| #  include <memory.h>
| # endif
| # include <string.h>
| #endif
| #ifdef HAVE_STRINGS_H
| # include <strings.h>
| #endif
| #ifdef HAVE_INTTYPES_H
| # include <inttypes.h>
| #endif
| #ifdef HAVE_STDINT_H
| # include <stdint.h>
| #endif
| #ifdef HAVE_UNISTD_H
| # include <unistd.h>
| #endif
| #ifdef HAVE_STDINT_H
| #  include <stdint.h>
| #endif
| 
| int
| main ()
| {
| if (sizeof ((uint32_t)))
| 	    return 0;
|   ;
|   return 0;
| }
configure:16578: result: yes
configure:16593: checking for sin in -lm
configure:16618: gcc -std=gnu99 -o conftest -g -O2   conftest.c -lm   >&5
conftest.c:39: warning: conflicting types for built-in function 'sin'
configure:16618: $? = 0
configure:16627: result: yes
configure:16641: checking for BSDgettimeofday
configure:16641: gcc -std=gnu99 -o conftest -g -O2   conftest.c -lm  >&5
/tmp/ccmbvJoZ.o: In function `main':
/u/home/eeskin/pasaniucdata/Gleb/PAINTOR/nlopt-2.4.1/conftest.c:67: undefined reference to `BSDgettimeofday'
collect2: ld returned 1 exit status
configure:16641: $? = 1
configure: failed program was:
| /* confdefs.h */
| #define PACKAGE_NAME "nlopt"
| #define PACKAGE_TARNAME "nlopt"
| #define PACKAGE_VERSION "2.4.1"
| #define PACKAGE_STRING "nlopt 2.4.1"
| #define PACKAGE_BUGREPORT "stevenj@alum.mit.edu"
| #define PACKAGE_URL ""
| #define PACKAGE "nlopt"
| #define VERSION "2.4.1"
| #define STDC_HEADERS 1
| #define HAVE_SYS_TYPES_H 1
| #define HAVE_SYS_STAT_H 1
| #define HAVE_STDLIB_H 1
| #define HAVE_STRING_H 1
| #define HAVE_MEMORY_H 1
| #define HAVE_STRINGS_H 1
| #define HAVE_INTTYPES_H 1
| #define HAVE_STDINT_H 1
| #define HAVE_UNISTD_H 1
| #define HAVE_DLFCN_H 1
| #define LT_OBJDIR ".libs/"
| #define STDC_HEADERS 1
| #define TIME_WITH_SYS_TIME 1
| #define HAVE_UNISTD_H 1
| #define HAVE_GETOPT_H 1
| #define HAVE_STDINT_H 1
| #define THREADLOCAL __thread
| #define SIZEOF_UNSIGNED_INT 4
| #define SIZEOF_UNSIGNED_LONG 8
| #define HAVE_UINT32_T 1
| #define HAVE_LIBM 1
| /* end confdefs.h.  */
| /* Define BSDgettimeofday to an innocuous variant, in case <limits.h> declares BSDgettimeofday.
|    For example, HP-UX 11i <limits.h> declares gettimeofday.  */
| #define BSDgettimeofday innocuous_BSDgettimeofday
| 
| /* System header to define __stub macros and hopefully few prototypes,
|     which can conflict with char BSDgettimeofday (); below.
|     Prefer <limits.h> to <assert.h> if __STDC__ is defined, since
|     <limits.h> exists even on freestanding compilers.  */
| 
| #ifdef __STDC__
| # include <limits.h>
| #else
| # include <assert.h>
| #endif
| 
| #undef BSDgettimeofday
| 
| /* Override any GCC internal prototype to avoid an error.
|    Use char because int might match the return type of a GCC
|    builtin and then its argument prototype would still apply.  */
| #ifdef __cplusplus
| extern "C"
| #endif
| char BSDgettimeofday ();
| /* The GNU C library defines this for functions which it implements
|     to always fail with ENOSYS.  Some functions are actually named
|     something starting with __ and the normal name is an alias.  */
| #if defined __stub_BSDgettimeofday || defined __stub___BSDgettimeofday
| choke me
| #endif
| 
| int
| main ()
| {
| return BSDgettimeofday ();
|   ;
|   return 0;
| }
configure:16641: result: no
configure:16641: checking for gettimeofday
configure:16641: gcc -std=gnu99 -o conftest -g -O2   conftest.c -lm  >&5
configure:16641: $? = 0
configure:16641: result: yes
configure:16641: checking for time
configure:16641: gcc -std=gnu99 -o conftest -g -O2   conftest.c -lm  >&5
configure:16641: $? = 0
configure:16641: result: yes
configure:16641: checking for qsort_r
configure:16641: gcc -std=gnu99 -o conftest -g -O2   conftest.c -lm  >&5
configure:16641: $? = 0
configure:16641: result: yes
configure:16641: checking for getpid
configure:16641: gcc -std=gnu99 -o conftest -g -O2   conftest.c -lm  >&5
configure:16641: $? = 0
configure:16641: result: yes
configure:16651: checking for gettid syscall
configure:16666: gcc -std=gnu99 -o conftest -g -O2   conftest.c -lm  >&5
configure:16666: $? = 0
configure:16678: result: yes
configure:16681: checking for isnan
configure:16695: gcc -std=gnu99 -o conftest -g -O2   conftest.c -lm  >&5
configure:16695: $? = 0
configure:16707: result: yes
configure:16710: checking for isinf
configure:16724: gcc -std=gnu99 -o conftest -g -O2   conftest.c -lm  >&5
configure:16724: $? = 0
configure:16736: result: yes
configure:16739: checking for copysign
configure:16753: gcc -std=gnu99 -o conftest -g -O2   conftest.c -lm  >&5
configure:16753: $? = 0
configure:16765: result: yes
configure:16787: WARNING: Python and Guile wrappers require --enable-shared; disabling
configure:17336: checking for mkoctfile
configure:17366: result: no
configure:17379: WARNING: can't find mkoctfile: won't be able to compile GNU Octave plugin
configure:17569: checking for mex
configure:17585: found /u/local/bin/mex
configure:17596: result: mex
configure:17615: checking for extension of compiled mex files
configure:17625: result: mexa64
configure:17631: checking for matlab
configure:17647: found /u/local/bin/matlab
configure:17658: result: matlab
configure:17679: result: no
configure:17681: WARNING: mex requires --enable-shared; won't compile Matlab plugin
configure:17721: checking for working HUGE_VAL
configure:17734: gcc -std=gnu99 -c -g -O2  conftest.c >&5
configure:17734: $? = 0
configure:17735: result: ok
configure:17933: checking that generated files are newer than configure
configure:17939: result: done
configure:17990: creating ./config.status

## ---------------------- ##
## Running config.status. ##
## ---------------------- ##

This file was extended by nlopt config.status 2.4.1, which was
generated by GNU Autoconf 2.69.  Invocation command line was

  CONFIG_FILES    = 
  CONFIG_HEADERS  = 
  CONFIG_LINKS    = 
  CONFIG_COMMANDS = 
  $ ./config.status 

on n178

config.status:1229: creating Makefile
config.status:1229: creating nlopt.pc
config.status:1229: creating api/Makefile
config.status:1229: creating util/Makefile
config.status:1229: creating octave/Makefile
config.status:1229: creating direct/Makefile
config.status:1229: creating cdirect/Makefile
config.status:1229: creating stogo/Makefile
config.status:1229: creating praxis/Makefile
config.status:1229: creating luksan/Makefile
config.status:1229: creating crs/Makefile
config.status:1229: creating mlsl/Makefile
config.status:1229: creating mma/Makefile
config.status:1229: creating cobyla/Makefile
config.status:1229: creating newuoa/Makefile
config.status:1229: creating neldermead/Makefile
config.status:1229: creating auglag/Makefile
config.status:1229: creating bobyqa/Makefile
config.status:1229: creating isres/Makefile
config.status:1229: creating slsqp/Makefile
config.status:1229: creating esch/Makefile
config.status:1229: creating test/Makefile
config.status:1229: creating swig/Makefile
config.status:1229: creating swig/nlopt.scm
config.status:1229: creating config.h
config.status:1410: config.h is unchanged
config.status:1458: executing depfiles commands
config.status:1458: executing libtool commands

## ---------------- ##
## Cache variables. ##
## ---------------- ##

ac_cv_build=x86_64-unknown-linux-gnu
ac_cv_c_compiler_gnu=yes
ac_cv_c_const=yes
ac_cv_c_inline=inline
ac_cv_cxx_compiler_gnu=yes
ac_cv_env_CCC_set=
ac_cv_env_CCC_value=
ac_cv_env_CC_set=
ac_cv_env_CC_value=
ac_cv_env_CFLAGS_set=
ac_cv_env_CFLAGS_value=
ac_cv_env_CPPFLAGS_set=
ac_cv_env_CPPFLAGS_value=
ac_cv_env_CPP_set=
ac_cv_env_CPP_value=
ac_cv_env_CXXCPP_set=
ac_cv_env_CXXCPP_value=
ac_cv_env_CXXFLAGS_set=
ac_cv_env_CXXFLAGS_value=
ac_cv_env_CXX_set=
ac_cv_env_CXX_value=
ac_cv_env_GUILE_INSTALL_DIR_set=
ac_cv_env_GUILE_INSTALL_DIR_value=
ac_cv_env_LDFLAGS_set=
ac_cv_env_LDFLAGS_value=
ac_cv_env_LIBS_set=
ac_cv_env_LIBS_value=
ac_cv_env_MEX_INSTALL_DIR_set=
ac_cv_env_MEX_INSTALL_DIR_value=
ac_cv_env_MEX_set=
ac_cv_env_MEX_value=
ac_cv_env_MKOCTFILE_set=
ac_cv_env_MKOCTFILE_value=
ac_cv_env_M_INSTALL_DIR_set=
ac_cv_env_M_INSTALL_DIR_value=
ac_cv_env_OCT_INSTALL_DIR_set=
ac_cv_env_OCT_INSTALL_DIR_value=
ac_cv_env_PYTHON_CONFIG_set=
ac_cv_env_PYTHON_CONFIG_value=
ac_cv_env_PYTHON_set=
ac_cv_env_PYTHON_value=
ac_cv_env_build_alias_set=
ac_cv_env_build_alias_value=
ac_cv_env_host_alias_set=
ac_cv_env_host_alias_value=
ac_cv_env_target_alias_set=
ac_cv_env_target_alias_value=
ac_cv_func_BSDgettimeofday=no
ac_cv_func_getpid=yes
ac_cv_func_gettimeofday=yes
ac_cv_func_qsort_r=yes
ac_cv_func_time=yes
ac_cv_header_dlfcn_h=yes
ac_cv_header_getopt_h=yes
ac_cv_header_inttypes_h=yes
ac_cv_header_memory_h=yes
ac_cv_header_stdc=yes
ac_cv_header_stdint_h=yes
ac_cv_header_stdlib_h=yes
ac_cv_header_string_h=yes
ac_cv_header_strings_h=yes
ac_cv_header_sys_stat_h=yes
ac_cv_header_sys_types_h=yes
ac_cv_header_time=yes
ac_cv_header_unistd_h=yes
ac_cv_host=x86_64-unknown-linux-gnu
ac_cv_lib_m_sin=yes
ac_cv_objext=o
ac_cv_path_EGREP='/bin/grep -E'
ac_cv_path_FGREP='/bin/grep -F'
ac_cv_path_GREP=/bin/grep
ac_cv_path_SED=/bin/sed
ac_cv_path_install='/usr/bin/install -c'
ac_cv_path_mkdir=/bin/mkdir
ac_cv_prog_AWK=gawk
ac_cv_prog_CPP='gcc -std=gnu99 -E'
ac_cv_prog_CXXCPP='g++ -E'
ac_cv_prog_MATLAB=matlab
ac_cv_prog_MEX=mex
ac_cv_prog_ac_ct_AR=ar
ac_cv_prog_ac_ct_CC=gcc
ac_cv_prog_ac_ct_CXX=g++
ac_cv_prog_ac_ct_DLLTOOL=dlltool
ac_cv_prog_ac_ct_OBJDUMP=objdump
ac_cv_prog_ac_ct_RANLIB=ranlib
ac_cv_prog_ac_ct_STRIP=strip
ac_cv_prog_cc_c89=
ac_cv_prog_cc_c99=-std=gnu99
ac_cv_prog_cc_g=yes
ac_cv_prog_cc_stdc=-std=gnu99
ac_cv_prog_cxx_g=yes
ac_cv_prog_make_make_set=yes
ac_cv_sizeof_unsigned_int=4
ac_cv_sizeof_unsigned_long=8
ac_cv_type_uint32_t=yes
am_cv_CC_dependencies_compiler_type=gcc3
am_cv_CXX_dependencies_compiler_type=gcc3
am_cv_make_support_nested_variables=yes
am_cv_prog_cc_c_o=yes
ax_cv_c_threadlocal=__thread
lt_cv_ar_at_file=@
lt_cv_deplibs_check_method=pass_all
lt_cv_file_magic_cmd='$MAGIC_CMD'
lt_cv_file_magic_test_file=
lt_cv_ld_reload_flag=-r
lt_cv_nm_interface='BSD nm'
lt_cv_objdir=.libs
lt_cv_path_LD=/usr/bin/ld
lt_cv_path_LDCXX='/usr/bin/ld -m elf_x86_64'
lt_cv_path_NM='/usr/bin/nm -B'
lt_cv_path_mainfest_tool=no
lt_cv_prog_compiler_c_o=yes
lt_cv_prog_compiler_c_o_CXX=yes
lt_cv_prog_compiler_pic='-fPIC -DPIC'
lt_cv_prog_compiler_pic_CXX='-fPIC -DPIC'
lt_cv_prog_compiler_pic_works=yes
lt_cv_prog_compiler_pic_works_CXX=yes
lt_cv_prog_compiler_rtti_exceptions=no
lt_cv_prog_compiler_static_works=yes
lt_cv_prog_compiler_static_works_CXX=yes
lt_cv_prog_gnu_ld=yes
lt_cv_prog_gnu_ldcxx=yes
lt_cv_sharedlib_from_linklib_cmd='printf %s\n'
lt_cv_shlibpath_overrides_runpath=no
lt_cv_sys_global_symbol_pipe='sed -n -e '\''s/^.*[	 ]\([ABCDGIRSTW][ABCDGIRSTW]*\)[	 ][	 ]*\([_A-Za-z][_A-Za-z0-9]*\)$/\1 \2 \2/p'\'' | sed '\''/ __gnu_lto/d'\'''
lt_cv_sys_global_symbol_to_c_name_address='sed -n -e '\''s/^: \([^ ]*\)[ ]*$/  {\"\1\", (void *) 0},/p'\'' -e '\''s/^[ABCDGIRSTW]* \([^ ]*\) \([^ ]*\)$/  {"\2", (void *) \&\2},/p'\'''
lt_cv_sys_global_symbol_to_c_name_address_lib_prefix='sed -n -e '\''s/^: \([^ ]*\)[ ]*$/  {\"\1\", (void *) 0},/p'\'' -e '\''s/^[ABCDGIRSTW]* \([^ ]*\) \(lib[^ ]*\)$/  {"\2", (void *) \&\2},/p'\'' -e '\''s/^[ABCDGIRSTW]* \([^ ]*\) \([^ ]*\)$/  {"lib\2", (void *) \&\2},/p'\'''
lt_cv_sys_global_symbol_to_cdecl='sed -n -e '\''s/^T .* \(.*\)$/extern int \1();/p'\'' -e '\''s/^[ABCDGIRSTW]* .* \(.*\)$/extern char \1;/p'\'''
lt_cv_sys_max_cmd_len=3458764513820540925
lt_cv_to_host_file_cmd=func_convert_file_noop
lt_cv_to_tool_file_cmd=func_convert_file_noop

## ----------------- ##
## Output variables. ##
## ----------------- ##

ACLOCAL='${SHELL} /u/home/eeskin/pasaniucdata/Gleb/PAINTOR/nlopt-2.4.1/missing aclocal-1.14'
AMDEPBACKSLASH='\'
AMDEP_FALSE='#'
AMDEP_TRUE=''
AMTAR='$${TAR-tar}'
AM_BACKSLASH='\'
AM_DEFAULT_V='$(AM_DEFAULT_VERBOSITY)'
AM_DEFAULT_VERBOSITY='1'
AM_V='$(V)'
AR='ar'
AS='as'
AUTOCONF='${SHELL} /u/home/eeskin/pasaniucdata/Gleb/PAINTOR/nlopt-2.4.1/missing autoconf'
AUTOHEADER='${SHELL} /u/home/eeskin/pasaniucdata/Gleb/PAINTOR/nlopt-2.4.1/missing autoheader'
AUTOMAKE='${SHELL} /u/home/eeskin/pasaniucdata/Gleb/PAINTOR/nlopt-2.4.1/missing automake-1.14'
AWK='gawk'
CC='gcc -std=gnu99'
CCDEPMODE='depmode=gcc3'
CFLAGS='-g -O2'
CPP='gcc -std=gnu99 -E'
CPPFLAGS=''
CXX='g++'
CXXCPP='g++ -E'
CXXDEPMODE='depmode=gcc3'
CXXFLAGS='-g -O2'
CYGPATH_W='echo'
DEFS='-DHAVE_CONFIG_H'
DEPDIR='.deps'
DLLTOOL='dlltool'
DSYMUTIL=''
DUMPBIN=''
ECHO_C=''
ECHO_N='-n'
ECHO_T=''
EGREP='/bin/grep -E'
EXEEXT=''
FGREP='/bin/grep -F'
GREP='/bin/grep'
GUILE=''
GUILE_CONFIG='unknown'
GUILE_CPPFLAGS=''
GUILE_INSTALL_DIR=''
GUILE_LIBS=''
INSTALL_DATA='${INSTALL} -m 644'
INSTALL_PROGRAM='${INSTALL}'
INSTALL_SCRIPT='${INSTALL}'
INSTALL_STRIP_PROGRAM='$(install_sh) -c -s'
LD='/usr/bin/ld -m elf_x86_64'
LDFLAGS=''
LIBOBJS=''
LIBS='-lm '
LIBTOOL='$(SHELL) $(top_builddir)/libtool'
LIPO=''
LN_S='ln -s'
LTLIBOBJS=''
MAINT='#'
MAINTAINER_MODE_FALSE=''
MAINTAINER_MODE_TRUE='#'
MAKEINFO='${SHELL} /u/home/eeskin/pasaniucdata/Gleb/PAINTOR/nlopt-2.4.1/missing makeinfo'
MANIFEST_TOOL=':'
MATLAB='echo'
MEX='mex'
MEXSUFF='mexa64'
MEX_INSTALL_DIR=''
MKDIR_P='/bin/mkdir -p'
MKOCTFILE='echo'
M_INSTALL_DIR=''
NLOPT_SUFFIX=''
NM='/usr/bin/nm -B'
NMEDIT=''
OBJDUMP='objdump'
OBJEXT='o'
OCTAVE=''
OCTAVE_CONFIG=''
OCT_INSTALL_DIR=''
OTOOL64=''
OTOOL=''
PACKAGE='nlopt'
PACKAGE_BUGREPORT='stevenj@alum.mit.edu'
PACKAGE_NAME='nlopt'
PACKAGE_STRING='nlopt 2.4.1'
PACKAGE_TARNAME='nlopt'
PACKAGE_URL=''
PACKAGE_VERSION='2.4.1'
PATH_SEPARATOR=':'
PYTHON=''
PYTHON_CONFIG=''
PYTHON_EXEC_PREFIX=''
PYTHON_INCLUDES=''
PYTHON_PLATFORM=''
PYTHON_PREFIX=''
PYTHON_VERSION=''
RANLIB='ranlib'
SED='/bin/sed'
SET_MAKE=''
SHARED_VERSION_INFO='8:1:8'
SHELL='/bin/sh'
STRIP='strip'
VERSION='2.4.1'
WITH_CXX_FALSE=''
WITH_CXX_TRUE='#'
WITH_GUILE_FALSE=''
WITH_GUILE_TRUE='#'
WITH_MATLAB_FALSE=''
WITH_MATLAB_TRUE='#'
WITH_OCTAVE_FALSE=''
WITH_OCTAVE_TRUE='#'
WITH_PYTHON_FALSE=''
WITH_PYTHON_TRUE='#'
ac_ct_AR='ar'
ac_ct_CC='gcc'
ac_ct_CXX='g++'
ac_ct_DUMPBIN=''
am__EXEEXT_FALSE=''
am__EXEEXT_TRUE='#'
am__fastdepCC_FALSE='#'
am__fastdepCC_TRUE=''
am__fastdepCXX_FALSE='#'
am__fastdepCXX_TRUE=''
am__include='include'
am__isrc=''
am__leading_dot='.'
am__nodep='_no'
am__quote=''
am__tar='$${TAR-tar} chof - "$$tardir"'
am__untar='$${TAR-tar} xf -'
bindir='${exec_prefix}/bin'
build='x86_64-unknown-linux-gnu'
build_alias=''
build_cpu='x86_64'
build_os='linux-gnu'
build_vendor='unknown'
datadir='${datarootdir}'
datarootdir='${prefix}/share'
docdir='${datarootdir}/doc/${PACKAGE_TARNAME}'
dvidir='${docdir}'
exec_prefix='${prefix}'
host='x86_64-unknown-linux-gnu'
host_alias=''
host_cpu='x86_64'
host_os='linux-gnu'
host_vendor='unknown'
htmldir='${docdir}'
includedir='${prefix}/include'
infodir='${datarootdir}/info'
install_sh='${SHELL} /u/home/eeskin/pasaniucdata/Gleb/PAINTOR/nlopt-2.4.1/install-sh'
libdir='${exec_prefix}/lib'
libexecdir='${exec_prefix}/libexec'
localedir='${datarootdir}/locale'
localstatedir='${prefix}/var'
mandir='${datarootdir}/man'
mkdir_p='$(MKDIR_P)'
oldincludedir='/usr/include'
pdfdir='${docdir}'
pkgpyexecdir=''
pkgpythondir=''
prefix='/u/home/eeskin/pasaniucdata/Gleb/PAINTOR'
program_transform_name='s,x,x,'
psdir='${docdir}'
pyexecdir=''
pythondir=''
sbindir='${exec_prefix}/sbin'
sharedstatedir='${prefix}/com'
sysconfdir='${prefix}/etc'
target_alias=''

## ----------- ##
## confdefs.h. ##
## ----------- ##

/* confdefs.h */
#define PACKAGE_NAME "nlopt"
#define PACKAGE_TARNAME "nlopt"
#define PACKAGE_VERSION "2.4.1"
#define PACKAGE_STRING "nlopt 2.4.1"
#define PACKAGE_BUGREPORT "stevenj@alum.mit.edu"
#define PACKAGE_URL ""
#define PACKAGE "nlopt"
#define VERSION "2.4.1"
#define STDC_HEADERS 1
#define HAVE_SYS_TYPES_H 1
#define HAVE_SYS_STAT_H 1
#define HAVE_STDLIB_H 1
#define HAVE_STRING_H 1
#define HAVE_MEMORY_H 1
#define HAVE_STRINGS_H 1
#define HAVE_INTTYPES_H 1
#define HAVE_STDINT_H 1
#define HAVE_UNISTD_H 1
#define HAVE_DLFCN_H 1
#define LT_OBJDIR ".libs/"
#define STDC_HEADERS 1
#define TIME_WITH_SYS_TIME 1
#define HAVE_UNISTD_H 1
#define HAVE_GETOPT_H 1
#define HAVE_STDINT_H 1
#define THREADLOCAL __thread
#define SIZEOF_UNSIGNED_INT 4
#define SIZEOF_UNSIGNED_LONG 8
#define HAVE_UINT32_T 1
#define HAVE_LIBM 1
#define HAVE_GETTIMEOFDAY 1
#define HAVE_TIME 1
#define HAVE_QSORT_R 1
#define HAVE_GETPID 1
#define HAVE_GETTID_SYSCALL 1
#define HAVE_ISNAN 1
#define HAVE_ISINF 1
#define HAVE_COPYSIGN 1
#define MAJOR_VERSION 2
#define MINOR_VERSION 4
#define BUGFIX_VERSION 1

configure: exit 0
