This is pdfTeX, Version 3.14159265-2.6-1.40.15 (TeX Live 2014) (preloaded format=pdflatex 2014.5.25)  8 JUN 2015 13:14
entering extended mode
 restricted \write18 enabled.
 file:line:error style messages enabled.
 %&-line parsing enabled.
**UserManual.tex
(./UserManual.tex
LaTeX2e <2014/05/01>
Babel <3.9k> and hyphenation patterns for 78 languages loaded.
(/usr/local/texlive/2014/texmf-dist/tex/latex/base/article.cls
Document Class: article 2007/10/19 v1.4h Standard LaTeX document class
(/usr/local/texlive/2014/texmf-dist/tex/latex/base/size10.clo
File: size10.clo 2007/10/19 v1.4h Standard LaTeX file (size option)
)
\c@part=\count79
\c@section=\count80
\c@subsection=\count81
\c@subsubsection=\count82
\c@paragraph=\count83
\c@subparagraph=\count84
\c@figure=\count85
\c@table=\count86
\abovecaptionskip=\skip41
\belowcaptionskip=\skip42
\bibindent=\dimen102
)
(/usr/local/texlive/2014/texmf-dist/tex/latex/amsmath/amsmath.sty
Package: amsmath 2013/01/14 v2.14 AMS math features
\@mathmargin=\skip43

For additional information on amsmath, use the `?' option.
(/usr/local/texlive/2014/texmf-dist/tex/latex/amsmath/amstext.sty
Package: amstext 2000/06/29 v2.01

(/usr/local/texlive/2014/texmf-dist/tex/latex/amsmath/amsgen.sty
File: amsgen.sty 1999/11/30 v2.0
\@emptytoks=\toks14
\ex@=\dimen103
))
(/usr/local/texlive/2014/texmf-dist/tex/latex/amsmath/amsbsy.sty
Package: amsbsy 1999/11/29 v1.2d
\pmbraise@=\dimen104
)
(/usr/local/texlive/2014/texmf-dist/tex/latex/amsmath/amsopn.sty
Package: amsopn 1999/12/14 v2.01 operator names
)
\inf@bad=\count87
LaTeX Info: Redefining \frac on input line 210.
\uproot@=\count88
\leftroot@=\count89
LaTeX Info: Redefining \overline on input line 306.
\classnum@=\count90
\DOTSCASE@=\count91
LaTeX Info: Redefining \ldots on input line 378.
LaTeX Info: Redefining \dots on input line 381.
LaTeX Info: Redefining \cdots on input line 466.
\Mathstrutbox@=\box26
\strutbox@=\box27
\big@size=\dimen105
LaTeX Font Info:    Redeclaring font encoding OML on input line 566.
LaTeX Font Info:    Redeclaring font encoding OMS on input line 567.
\macc@depth=\count92
\c@MaxMatrixCols=\count93
\dotsspace@=\muskip10
\c@parentequation=\count94
\dspbrk@lvl=\count95
\tag@help=\toks15
\row@=\count96
\column@=\count97
\maxfields@=\count98
\andhelp@=\toks16
\eqnshift@=\dimen106
\alignsep@=\dimen107
\tagshift@=\dimen108
\tagwidth@=\dimen109
\totwidth@=\dimen110
\lineht@=\dimen111
\@envbody=\toks17
\multlinegap=\skip44
\multlinetaggap=\skip45
\mathdisplay@stack=\toks18
LaTeX Info: Redefining \[ on input line 2665.
LaTeX Info: Redefining \] on input line 2666.
)
(/usr/local/texlive/2014/texmf-dist/tex/latex/amsfonts/amsfonts.sty
Package: amsfonts 2013/01/14 v3.01 Basic AMSFonts support
\symAMSa=\mathgroup4
\symAMSb=\mathgroup5
LaTeX Font Info:    Overwriting math alphabet `\mathfrak' in version `bold'
(Font)                  U/euf/m/n --> U/euf/b/n on input line 106.
)
(/usr/local/texlive/2014/texmf-dist/tex/latex/amscls/amsthm.sty
Package: amsthm 2004/08/06 v2.20
\thm@style=\toks19
\thm@bodyfont=\toks20
\thm@headfont=\toks21
\thm@notefont=\toks22
\thm@headpunct=\toks23
\thm@preskip=\skip46
\thm@postskip=\skip47
\thm@headsep=\skip48
\dth@everypar=\toks24
)
(/usr/local/texlive/2014/texmf-dist/tex/latex/amsfonts/amssymb.sty
Package: amssymb 2013/01/14 v3.01 AMS font symbols
)
(/usr/local/texlive/2014/texmf-dist/tex/latex/tools/bm.sty
Package: bm 2004/02/26 v1.1c Bold Symbol Support (DPC/FMi)
\symboldoperators=\mathgroup6
\symboldletters=\mathgroup7
\symboldsymbols=\mathgroup8
LaTeX Font Info:    Redeclaring math alphabet \mathbf on input line 137.
LaTeX Info: Redefining \bm on input line 203.
)
(/usr/local/texlive/2014/texmf-dist/tex/latex/graphics/epsfig.sty
Package: epsfig 1999/02/16 v1.7a (e)psfig emulation (SPQR)

(/usr/local/texlive/2014/texmf-dist/tex/latex/graphics/graphicx.sty
Package: graphicx 2014/04/25 v1.0g Enhanced LaTeX Graphics (DPC,SPQR)

(/usr/local/texlive/2014/texmf-dist/tex/latex/graphics/keyval.sty
Package: keyval 2014/05/08 v1.15 key=value parser (DPC)
\KV@toks@=\toks25
)
(/usr/local/texlive/2014/texmf-dist/tex/latex/graphics/graphics.sty
Package: graphics 2009/02/05 v1.0o Standard LaTeX Graphics (DPC,SPQR)

(/usr/local/texlive/2014/texmf-dist/tex/latex/graphics/trig.sty
Package: trig 1999/03/16 v1.09 sin cos tan (DPC)
)
(/usr/local/texlive/2014/texmf-dist/tex/latex/latexconfig/graphics.cfg
File: graphics.cfg 2010/04/23 v1.9 graphics configuration of TeX Live
)
Package graphics Info: Driver file: pdftex.def on input line 91.

(/usr/local/texlive/2014/texmf-dist/tex/latex/pdftex-def/pdftex.def
File: pdftex.def 2011/05/27 v0.06d Graphics/color for pdfTeX

(/usr/local/texlive/2014/texmf-dist/tex/generic/oberdiek/infwarerr.sty
Package: infwarerr 2010/04/08 v1.3 Providing info/warning/error messages (HO)
)
(/usr/local/texlive/2014/texmf-dist/tex/generic/oberdiek/ltxcmds.sty
Package: ltxcmds 2011/11/09 v1.22 LaTeX kernel commands for general use (HO)
)
\Gread@gobject=\count99
))
\Gin@req@height=\dimen112
\Gin@req@width=\dimen113
)
\epsfxsize=\dimen114
\epsfysize=\dimen115
)
(/usr/local/texlive/2014/texmf-dist/tex/latex/subfigure/subfigure.sty
Package: subfigure 2002/03/15 v2.1.5 subfigure package
\subfigtopskip=\skip49
\subfigcapskip=\skip50
\subfigcaptopadj=\dimen116
\subfigbottomskip=\skip51
\subfigcapmargin=\dimen117
\subfiglabelskip=\skip52
\c@subfigure=\count100
\c@lofdepth=\count101
\c@subtable=\count102
\c@lotdepth=\count103

****************************************
* Local config file subfigure.cfg used *
****************************************
(/usr/local/texlive/2014/texmf-dist/tex/latex/subfigure/subfigure.cfg)
\subfig@top=\skip53
\subfig@bottom=\skip54
)
(/usr/local/texlive/2014/texmf-dist/tex/latex/preprint/fullpage.sty
Package: fullpage 1999/02/23 1.1 (PWD)
\FP@margin=\skip55
)
(/usr/local/texlive/2014/texmf-dist/tex/latex/preprint/authblk.sty
Package: authblk 2001/02/27 1.3 (PWD)
\affilsep=\skip56
\@affilsep=\skip57
\c@Maxaffil=\count104
\c@authors=\count105
\c@affil=\count106
)
(/usr/local/texlive/2014/texmf-dist/tex/latex/graphics/color.sty
Package: color 2014/04/23 v1.1a Standard LaTeX Color (DPC)

(/usr/local/texlive/2014/texmf-dist/tex/latex/latexconfig/color.cfg
File: color.cfg 2007/01/18 v1.5 color configuration of teTeX/TeXLive
)
Package color Info: Driver file: pdftex.def on input line 137.
)
(/usr/local/texlive/2014/texmf-dist/tex/latex/multirow/multirow.sty
\bigstrutjot=\dimen118
)
(/usr/local/texlive/2014/texmf-dist/tex/latex/rotating/rotating.sty
Package: rotating 2009/03/28 v2.16a rotated objects in LaTeX

(/usr/local/texlive/2014/texmf-dist/tex/latex/base/ifthen.sty
Package: ifthen 2001/05/26 v1.1c Standard LaTeX ifthen package (DPC)
)
\c@r@tfl@t=\count107
\rotFPtop=\skip58
\rotFPbot=\skip59
\rot@float@box=\box28
\rot@mess@toks=\toks26
)
(/usr/local/texlive/2014/texmf-dist/tex/latex/soul/soul.sty
Package: soul 2003/11/17 v2.4 letterspacing/underlining (mf)
\SOUL@word=\toks27
\SOUL@lasttoken=\toks28
\SOUL@cmds=\toks29
\SOUL@buffer=\toks30
\SOUL@token=\toks31
\SOUL@spaceskip=\skip60
\SOUL@ttwidth=\dimen119
\SOUL@uldp=\dimen120
\SOUL@ulht=\dimen121
)
(/usr/local/texlive/2014/texmf-dist/tex/latex/morefloats/morefloats.sty
Package: morefloats 2012/01/28 v1.0f Raise limit of unprocessed floats (HMM; DH
)

(/usr/local/texlive/2014/texmf-dist/tex/latex/oberdiek/kvoptions.sty
Package: kvoptions 2011/06/30 v3.11 Key value format for package options (HO)

(/usr/local/texlive/2014/texmf-dist/tex/generic/oberdiek/kvsetkeys.sty
Package: kvsetkeys 2012/04/25 v1.16 Key value parser (HO)

(/usr/local/texlive/2014/texmf-dist/tex/generic/oberdiek/etexcmds.sty
Package: etexcmds 2011/02/16 v1.5 Avoid name clashes with e-TeX commands (HO)

(/usr/local/texlive/2014/texmf-dist/tex/generic/oberdiek/ifluatex.sty
Package: ifluatex 2010/03/01 v1.3 Provides the ifluatex switch (HO)
Package ifluatex Info: LuaTeX not detected.
)
Package etexcmds Info: Could not find \expanded.
(etexcmds)             That can mean that you are not using pdfTeX 1.50 or
(etexcmds)             that some package has redefined \expanded.
(etexcmds)             In the latter case, load this package earlier.
)))
Package morefloats Info: Maximum number of possible floats asked for: 36.
(morefloats)             LaTeX might run out of memory before this
(morefloats)             (in which case it will notify you).
(morefloats)              on input line 171.
\bx@S=\insert233
\bx@T=\insert232
\bx@U=\insert231
\bx@V=\insert230
\bx@W=\insert229
\bx@X=\insert228
\bx@Y=\insert227
\bx@Z=\insert226
\bx@AA=\insert225
\bx@AB=\insert224
\bx@AC=\insert223
\bx@AD=\insert222
\bx@AE=\insert221
\bx@AF=\insert220
\bx@AG=\insert219
\bx@AH=\insert218
\bx@AI=\insert217
\bx@AJ=\insert216
)
(/usr/local/texlive/2014/texmf-dist/tex/generic/ulem/ulem.sty
\UL@box=\box29
\UL@hyphenbox=\box30
\UL@skip=\skip61
\UL@hook=\toks32
\UL@height=\dimen122
\UL@pe=\count108
\UL@pixel=\dimen123
\ULC@box=\box31
Package: ulem 2012/05/18
\ULdepth=\dimen124
)
(/usr/local/texlive/2014/texmf-dist/tex/latex/url/url.sty
\Urlmuskip=\muskip11
Package: url 2013/09/16  ver 3.4  Verb mode for urls, etc.
)
(/usr/local/texlive/2014/texmf-dist/tex/latex/xcolor/xcolor.sty
Package: xcolor 2007/01/21 v2.11 LaTeX color extensions (UK)

(/usr/local/texlive/2014/texmf-dist/tex/latex/latexconfig/color.cfg
File: color.cfg 2007/01/18 v1.5 color configuration of teTeX/TeXLive
)
Package xcolor Info: Driver file: pdftex.def on input line 225.
LaTeX Info: Redefining \color on input line 702.
Package xcolor Info: Model `cmy' substituted by `cmy0' on input line 1337.
Package xcolor Info: Model `hsb' substituted by `rgb' on input line 1341.
Package xcolor Info: Model `RGB' extended on input line 1353.
Package xcolor Info: Model `HTML' substituted by `rgb' on input line 1355.
Package xcolor Info: Model `Hsb' substituted by `hsb' on input line 1356.
Package xcolor Info: Model `tHsb' substituted by `hsb' on input line 1357.
Package xcolor Info: Model `HSB' substituted by `hsb' on input line 1358.
Package xcolor Info: Model `Gray' substituted by `gray' on input line 1359.
Package xcolor Info: Model `wave' substituted by `hsb' on input line 1360.
)
(./UserManual.aux)
\openout1 = `UserManual.aux'.

LaTeX Font Info:    Checking defaults for OML/cmm/m/it on input line 19.
LaTeX Font Info:    ... okay on input line 19.
LaTeX Font Info:    Checking defaults for T1/cmr/m/n on input line 19.
LaTeX Font Info:    ... okay on input line 19.
LaTeX Font Info:    Checking defaults for OT1/cmr/m/n on input line 19.
LaTeX Font Info:    ... okay on input line 19.
LaTeX Font Info:    Checking defaults for OMS/cmsy/m/n on input line 19.
LaTeX Font Info:    ... okay on input line 19.
LaTeX Font Info:    Checking defaults for OMX/cmex/m/n on input line 19.
LaTeX Font Info:    ... okay on input line 19.
LaTeX Font Info:    Checking defaults for U/cmr/m/n on input line 19.
LaTeX Font Info:    ... okay on input line 19.

(/usr/local/texlive/2014/texmf-dist/tex/context/base/supp-pdf.mkii
[Loading MPS to PDF converter (version 2006.09.02).]
\scratchcounter=\count109
\scratchdimen=\dimen125
\scratchbox=\box32
\nofMPsegments=\count110
\nofMParguments=\count111
\everyMPshowfont=\toks33
\MPscratchCnt=\count112
\MPscratchDim=\dimen126
\MPnumerator=\count113
\makeMPintoPDFobject=\count114
\everyMPtoPDFconversion=\toks34
) (/usr/local/texlive/2014/texmf-dist/tex/generic/oberdiek/pdftexcmds.sty
Package: pdftexcmds 2011/11/29 v0.20 Utility functions of pdfTeX for LuaTeX (HO
)

(/usr/local/texlive/2014/texmf-dist/tex/generic/oberdiek/ifpdf.sty
Package: ifpdf 2011/01/30 v2.3 Provides the ifpdf switch (HO)
Package ifpdf Info: pdfTeX in PDF mode is detected.
)
Package pdftexcmds Info: LuaTeX not detected.
Package pdftexcmds Info: \pdf@primitive is available.
Package pdftexcmds Info: \pdf@ifprimitive is available.
Package pdftexcmds Info: \pdfdraftmode found.
)
(/usr/local/texlive/2014/texmf-dist/tex/latex/oberdiek/epstopdf-base.sty
Package: epstopdf-base 2010/02/09 v2.5 Base part for package epstopdf

(/usr/local/texlive/2014/texmf-dist/tex/latex/oberdiek/grfext.sty
Package: grfext 2010/08/19 v1.1 Manage graphics extensions (HO)

(/usr/local/texlive/2014/texmf-dist/tex/generic/oberdiek/kvdefinekeys.sty
Package: kvdefinekeys 2011/04/07 v1.3 Define keys (HO)
))
Package grfext Info: Graphics extension search list:
(grfext)             [.png,.pdf,.jpg,.mps,.jpeg,.jbig2,.jb2,.PNG,.PDF,.JPG,.JPE
G,.JBIG2,.JB2,.eps]
(grfext)             \AppendGraphicsExtensions on input line 452.

(/usr/local/texlive/2014/texmf-dist/tex/latex/latexconfig/epstopdf-sys.cfg
File: epstopdf-sys.cfg 2010/07/13 v1.3 Configuration of (r)epstopdf for TeX Liv
e
))
Underfull \hbox (badness 10000) in paragraph at lines 36--37

 []


Underfull \hbox (badness 10000) in paragraph at lines 38--39

 []

LaTeX Font Info:    Try loading font information for OT1+pcr on input line 43.
(/usr/local/texlive/2014/texmf-dist/tex/latex/psnfss/ot1pcr.fd
File: ot1pcr.fd 2001/06/04 font definitions for OT1/pcr.
)
Underfull \hbox (badness 10000) in paragraph at lines 40--44

 []

LaTeX Font Info:    Try loading font information for OMS+cmr on input line 47.
(/usr/local/texlive/2014/texmf-dist/tex/latex/base/omscmr.fd
File: omscmr.fd 1999/05/25 v2.5h Standard LaTeX font definitions
)
LaTeX Font Info:    Font shape `OMS/cmr/m/n' in size <10> not available
(Font)              Font shape `OMS/cmsy/m/n' tried instead on input line 47.
LaTeX Font Info:    Try loading font information for U+msa on input line 59.

(/usr/local/texlive/2014/texmf-dist/tex/latex/amsfonts/umsa.fd
File: umsa.fd 2013/01/14 v3.01 AMS symbols A
)
LaTeX Font Info:    Try loading font information for U+msb on input line 59.

(/usr/local/texlive/2014/texmf-dist/tex/latex/amsfonts/umsb.fd
File: umsb.fd 2013/01/14 v3.01 AMS symbols B
)
Underfull \hbox (badness 10000) in paragraph at lines 57--67

 []


Underfull \hbox (badness 10000) in paragraph at lines 57--67

 []


Underfull \hbox (badness 10000) in paragraph at lines 57--67

 []


Underfull \hbox (badness 10000) in paragraph at lines 57--67

 []

[1

{/usr/local/texlive/2014/texmf-var/fonts/map/pdftex/updmap/pdftex.map}]
LaTeX Font Info:    Try loading font information for OMS+pcr on input line 80.

(/usr/local/texlive/2014/texmf-dist/tex/latex/psnfss/omspcr.fd
File: omspcr.fd 
)
LaTeX Font Info:    Font shape `OMS/pcr/m/n' in size <10> not available
(Font)              Font shape `OMS/cmsy/m/n' tried instead on input line 80.

Underfull \hbox (badness 10000) in paragraph at lines 84--85

 []


Underfull \hbox (badness 10000) in paragraph at lines 84--85

 []


Underfull \hbox (badness 10000) in paragraph at lines 86--88

 []


Underfull \hbox (badness 10000) in paragraph at lines 86--88

 []


Underfull \hbox (badness 10000) in paragraph at lines 89--97

 []


Underfull \hbox (badness 10000) in paragraph at lines 99--122

 []


Underfull \hbox (badness 10000) in paragraph at lines 99--122

 []


Underfull \hbox (badness 10000) in paragraph at lines 99--122

 []


Underfull \hbox (badness 10000) in paragraph at lines 99--122

 []


Underfull \hbox (badness 10000) in paragraph at lines 99--122

 []


Underfull \hbox (badness 10000) in paragraph at lines 99--122

 []


Underfull \hbox (badness 10000) in paragraph at lines 99--122

 []


Underfull \hbox (badness 10000) in paragraph at lines 99--122

 []

[2]
Underfull \hbox (badness 10000) in paragraph at lines 124--125

 []


Underfull \hbox (badness 10000) in paragraph at lines 126--135

 []


Underfull \hbox (badness 10000) in paragraph at lines 126--135

 []


Underfull \hbox (badness 10000) in paragraph at lines 137--164

 []


Underfull \hbox (badness 10000) in paragraph at lines 137--164

 []


Underfull \hbox (badness 10000) in paragraph at lines 137--164

 []


Underfull \hbox (badness 10000) in paragraph at lines 137--164

 []

[3]
Underfull \hbox (badness 10000) in paragraph at lines 169--180

 []


Underfull \hbox (badness 10000) in paragraph at lines 169--180

 []


Underfull \hbox (badness 10000) in paragraph at lines 169--180

 []


Underfull \hbox (badness 10000) in paragraph at lines 188--189

 []


Underfull \hbox (badness 10000) in paragraph at lines 190--201

 []


Underfull \hbox (badness 10000) in paragraph at lines 190--201

 []


Underfull \hbox (badness 10000) in paragraph at lines 190--201

 []


Underfull \hbox (badness 10000) in paragraph at lines 190--201

 []

[4]
Missing character: There is no Ò in font cmr10!
Missing character: There is no Ó in font cmr10!

Underfull \hbox (badness 10000) in paragraph at lines 224--230

 []


Underfull \hbox (badness 10000) in paragraph at lines 224--230

 []


Underfull \hbox (badness 10000) in paragraph at lines 224--230

 []

LaTeX Font Info:    Font shape `OT1/pcr/bx/n' in size <10> not available
(Font)              Font shape `OT1/pcr/b/n' tried instead on input line 242.

Overfull \hbox (10.24498pt too wide) in paragraph at lines 242--272
\OT1/pcr/b/n/10 Usage\OT1/pcr/m/n/10 : PAINTOR -input.files [input filename] -i
n [input directory] -out [output
 []


Underfull \hbox (badness 10000) in paragraph at lines 242--272

 []


Underfull \hbox (badness 10000) in paragraph at lines 242--272

 []


Overfull \hbox (34.24498pt too wide) in paragraph at lines 242--272
\OT1/pcr/b/n/10 -input \OT1/pcr/m/n/10 (required) Filename of the input file co
ntaining the list of the fine-mapping
 []


Underfull \hbox (badness 10000) in paragraph at lines 242--272

 []


Overfull \hbox (22.24498pt too wide) in paragraph at lines 242--272
\OT1/pcr/b/n/10 -Zhead \OT1/pcr/m/n/10 (required) The name(s) of the Zscore col
umn in the header of the locus file
 []


Underfull \hbox (badness 10000) in paragraph at lines 242--272

 []


Overfull \hbox (16.24498pt too wide) in paragraph at lines 242--272
\OT1/pcr/b/n/10 -LDname  \OT1/pcr/m/n/10 (required) Suffix(es) for LD files. Mu
st match the order of Z-scores in
 []


Underfull \hbox (badness 10000) in paragraph at lines 242--272

 []


Underfull \hbox (badness 10000) in paragraph at lines 242--272

 []


Overfull \hbox (4.24498pt too wide) in paragraph at lines 242--272
\OT1/pcr/b/n/10 -annotations \OT1/pcr/m/n/10 The names of the annotations to in
clude in model (comma separated)
 []


Underfull \hbox (badness 10000) in paragraph at lines 242--272

 []


Underfull \hbox (badness 10000) in paragraph at lines 242--272

 []


Underfull \hbox (badness 10000) in paragraph at lines 242--272

 []


Overfull \hbox (10.24498pt too wide) in paragraph at lines 242--272
\OT1/pcr/b/n/10 -Gname  \OT1/pcr/m/n/10 Output Filename for enrichment estimate
s [default: Enrichment.Estimate] 
 []


Underfull \hbox (badness 10000) in paragraph at lines 242--272

 []


Underfull \hbox (badness 10000) in paragraph at lines 242--272

 []


Underfull \hbox (badness 10000) in paragraph at lines 242--272

 []


Underfull \hbox (badness 10000) in paragraph at lines 242--272

 []


Overfull \hbox (22.24498pt too wide) in paragraph at lines 242--272
\OT1/pcr/b/n/10 -post1CV  \OT1/pcr/m/n/10 Fast conversion of Z-scores to poster
ior probabilities assuming a single
 []


Underfull \hbox (badness 10000) in paragraph at lines 242--272

 []


Overfull \hbox (10.24498pt too wide) in paragraph at lines 242--272
\OT1/pcr/b/n/10 -GAMinital  \OT1/pcr/m/n/10 Initialize the enrichment parameter
s to a pre-specified value (comma
 []


Underfull \hbox (badness 10000) in paragraph at lines 242--272

 []

[5]
Underfull \hbox (badness 10000) in paragraph at lines 273--279

 []


Overfull \hbox (78.02278pt too wide) in paragraph at lines 273--279
\OML/cmm/m/it/10 >$ \OT1/pcr/m/n/10 ./PAINTOR -input input.files -Zhead ZSCORE.
P1,ZSCORE.P2 -LDname LD1,LD2 -in RunDirectory/
 []


Underfull \hbox (badness 10000) in paragraph at lines 273--279

 []


Underfull \hbox (badness 10000) in paragraph at lines 273--279

 []


Underfull \hbox (badness 10000) in paragraph at lines 280--282

 []


Underfull \hbox (badness 10000) in paragraph at lines 280--282

 []


Underfull \hbox (badness 10000) in paragraph at lines 283--296

 []


Overfull \hbox (78.02278pt too wide) in paragraph at lines 283--296
\OML/cmm/m/it/10 >$ \OT1/pcr/m/n/10 ./PAINTOR -input input.files -Zhead ZSCORE.
P1,ZSCORE.P2 -LDname LD1,LD2 -in RunDirectory/
 []


Overfull \hbox (78.02278pt too wide) in paragraph at lines 283--296
\OML/cmm/m/it/10 >$ \OT1/pcr/m/n/10 ./PAINTOR -input input.files -Zhead ZSCORE.
P1,ZSCORE.P2 -LDname LD1,LD2 -in RunDirectory/
 []


Overfull \hbox (78.02278pt too wide) in paragraph at lines 283--296
\OML/cmm/m/it/10 >$ \OT1/pcr/m/n/10 ./PAINTOR -input input.files -Zhead ZSCORE.
P1,ZSCORE.P2 -LDname LD1,LD2 -in RunDirectory/
 []


Overfull \hbox (78.02278pt too wide) in paragraph at lines 283--296
\OML/cmm/m/it/10 >$ \OT1/pcr/m/n/10 ./PAINTOR -input input.files -Zhead ZSCORE.
P1,ZSCORE.P2 -LDname LD1,LD2 -in RunDirectory/
 []


Overfull \hbox (78.02278pt too wide) in paragraph at lines 283--296
\OML/cmm/m/it/10 >$ \OT1/pcr/m/n/10 ./PAINTOR -input input.files -Zhead ZSCORE.
P1,ZSCORE.P2 -LDname LD1,LD2 -in RunDirectory/
 []


Underfull \hbox (badness 10000) in paragraph at lines 283--296

 []

[6]
Underfull \hbox (badness 10000) in paragraph at lines 297--304

 []


Overfull \hbox (78.02278pt too wide) in paragraph at lines 297--304
\OML/cmm/m/it/10 >$ \OT1/pcr/m/n/10 ./PAINTOR -input input.files -Zhead ZSCORE.
P1,ZSCORE.P2 -LDname LD1,LD2 -in RunDirectory/
 []


Overfull \hbox (52.24498pt too wide) in paragraph at lines 297--304
\OT1/pcr/m/n/10 -out OutDirectory/ -c 2 -annotations A5,A20,A93 -Gname Enrich.F
inal -Lname Likeli.Final 
 []


Underfull \hbox (badness 10000) in paragraph at lines 297--304

 []

[7] (./UserManual.aux) ) 
Here is how much of TeX's memory you used:
 3824 strings out of 493117
 49869 string characters out of 6135433
 118406 words of memory out of 5000000
 7181 multiletter control sequences out of 15000+600000
 11628 words of font info for 44 fonts, out of 8000000 for 9000
 1141 hyphenation exceptions out of 8191
 36i,6n,35p,605b,158s stack positions out of 5000i,500n,10000p,200000b,80000s
{/usr/local/texlive/2014/texmf-dist/fonts/enc/dvips/bas
e/8r.enc}</usr/local/texlive/2014/texmf-dist/fonts/type1/public/amsfonts/cm/cmb
x10.pfb></usr/local/texlive/2014/texmf-dist/fonts/type1/public/amsfonts/cm/cmbx
12.pfb></usr/local/texlive/2014/texmf-dist/fonts/type1/public/amsfonts/cm/cmbxt
i10.pfb></usr/local/texlive/2014/texmf-dist/fonts/type1/public/amsfonts/cm/cmmi
10.pfb></usr/local/texlive/2014/texmf-dist/fonts/type1/public/amsfonts/cm/cmmi7
.pfb></usr/local/texlive/2014/texmf-dist/fonts/type1/public/amsfonts/cm/cmr10.p
fb></usr/local/texlive/2014/texmf-dist/fonts/type1/public/amsfonts/cm/cmr7.pfb>
</usr/local/texlive/2014/texmf-dist/fonts/type1/public/amsfonts/cm/cmsy10.pfb><
/usr/local/texlive/2014/texmf-dist/fonts/type1/public/amsfonts/cm/cmti10.pfb></
usr/local/texlive/2014/texmf-dist/fonts/type1/public/amsfonts/cm/cmtt10.pfb></u
sr/local/texlive/2014/texmf-dist/fonts/type1/urw/courier/ucrb8a.pfb></usr/local
/texlive/2014/texmf-dist/fonts/type1/urw/courier/ucrr8a.pfb>
Output written on UserManual.pdf (7 pages, 172054 bytes).
PDF statistics:
 77 PDF objects out of 1000 (max. 8388607)
 55 compressed objects within 1 object stream
 0 named destinations out of 1000 (max. 500000)
 1 words of extra memory for PDF output out of 10000 (max. 10000000)

